<?xml version="1.0" encoding="UTF-8"?>
<!-- Generated by org.testng.reporters.JUnitXMLReporter -->
<testsuite hostname="LAPTOP-MBB7JRKJ" name="Test" tests="3" failures="1" timestamp="11 Feb 2021 20:52:48 GMT" time="0.504" errors="0">
  <testcase name="test1" time="0.01" classname="samplejenkins.SampleTest"/>
  <testcase name="AddDupsToAaary" time="0.001" classname="samplejenkins.RemoveDupsFromlist"/>
  <testcase name="TestAMZ" time="0.478" classname="samplejenkins.Amazon_logo">
    <failure type="java.lang.NoSuchMethodError" message="org.apache.commons.io.IOUtils.toString(Ljava/io/InputStream;Ljava/nio/charset/Charset;)Ljava/lang/String;">
      <![CDATA[java.lang.NoSuchMethodError: org.apache.commons.io.IOUtils.toString(Ljava/io/InputStream;Ljava/nio/charset/Charset;)Ljava/lang/String;
	at io.github.bonigarcia.wdm.versions.Shell.runAndWaitNoLog(Shell.java:66)
	at io.github.bonigarcia.wdm.versions.Shell.runAndWaitArray(Shell.java:55)
	at io.github.bonigarcia.wdm.versions.Shell.runAndWait(Shell.java:45)
	at io.github.bonigarcia.wdm.versions.VersionDetector.getBrowserVersionFromWinRegistry(VersionDetector.java:227)
	at io.github.bonigarcia.wdm.managers.ChromeDriverManager.getBrowserVersionFromTheShell(ChromeDriverManager.java:132)
	at io.github.bonigarcia.wdm.WebDriverManager.detectBrowserVersion(WebDriverManager.java:718)
	at io.github.bonigarcia.wdm.WebDriverManager.resolveDriverVersion(WebDriverManager.java:591)
	at io.github.bonigarcia.wdm.WebDriverManager.manage(WebDriverManager.java:543)
	at io.github.bonigarcia.wdm.WebDriverManager.setup(WebDriverManager.java:287)
	at samplejenkins.Amazon_logo.TestAMZ(Amazon_logo.java:15)
... Removed 24 stack frames]]>
    </failure>
  </testcase> <!-- TestAMZ -->
</testsuite> <!-- Test -->
