<?xml version="1.0" encoding="UTF-8"?>
<!-- Generated by org.testng.reporters.JUnitXMLReporter -->
<testsuite hostname="LAPTOP-MBB7JRKJ" name="Test" tests="3" failures="0" timestamp="11 Feb 2021 19:37:39 GMT" time="6.966" errors="0">
  <testcase name="test1" time="0.009" classname="samplejenkins.SampleTest"/>
  <testcase name="AddDupsToAaary" time="0.001" classname="samplejenkins.RemoveDupsFromlist"/>
  <testcase name="TestAMZ" time="6.938" classname="samplejenkins.Amazon_logo"/>
</testsuite> <!-- Test -->
